  main.cpp
c:\users\bartek\documents\visual studio 2015\projects\shapecontext1\main.cpp(68): warning C4244: '=': conversion from 'double' to 'int', possible loss of data
c:\users\bartek\documents\visual studio 2015\projects\shapecontext1\main.cpp(196): warning C4267: '+=': conversion from 'size_t' to 'int', possible loss of data
c:\users\bartek\documents\visual studio 2015\projects\shapecontext1\main.cpp(212): warning C4267: '+=': conversion from 'size_t' to 'int', possible loss of data
c:\users\bartek\documents\visual studio 2015\projects\shapecontext1\main.cpp(228): warning C4267: '+=': conversion from 'size_t' to 'int', possible loss of data
c:\users\bartek\documents\visual studio 2015\projects\shapecontext1\main.cpp(244): warning C4267: '+=': conversion from 'size_t' to 'int', possible loss of data
c:\users\bartek\documents\visual studio 2015\projects\shapecontext1\main.cpp(259): warning C4267: '+=': conversion from 'size_t' to 'int', possible loss of data
c:\users\bartek\documents\visual studio 2015\projects\shapecontext1\main.cpp(288): warning C4267: '+=': conversion from 'size_t' to 'int', possible loss of data
c:\users\bartek\documents\visual studio 2015\projects\shapecontext1\main.cpp(304): warning C4267: '+=': conversion from 'size_t' to 'int', possible loss of data
c:\users\bartek\documents\visual studio 2015\projects\shapecontext1\main.cpp(320): warning C4267: '+=': conversion from 'size_t' to 'int', possible loss of data
c:\users\bartek\documents\visual studio 2015\projects\shapecontext1\main.cpp(336): warning C4267: '+=': conversion from 'size_t' to 'int', possible loss of data
c:\users\bartek\documents\visual studio 2015\projects\shapecontext1\main.cpp(351): warning C4267: '+=': conversion from 'size_t' to 'int', possible loss of data
c:\users\bartek\documents\visual studio 2015\projects\shapecontext1\main.cpp(366): warning C4267: '+=': conversion from 'size_t' to 'int', possible loss of data
c:\users\bartek\documents\visual studio 2015\projects\shapecontext1\main.cpp(381): warning C4267: '+=': conversion from 'size_t' to 'int', possible loss of data
c:\users\bartek\documents\visual studio 2015\projects\shapecontext1\main.cpp(396): warning C4267: '+=': conversion from 'size_t' to 'int', possible loss of data
c:\users\bartek\documents\visual studio 2015\projects\shapecontext1\main.cpp(411): warning C4267: '+=': conversion from 'size_t' to 'int', possible loss of data
c:\users\bartek\documents\visual studio 2015\projects\shapecontext1\main.cpp(426): warning C4267: '+=': conversion from 'size_t' to 'int', possible loss of data
c:\users\bartek\documents\visual studio 2015\projects\shapecontext1\main.cpp(559): warning C4244: 'argument': conversion from 'double' to 'float', possible loss of data
c:\users\bartek\documents\visual studio 2015\projects\shapecontext1\main.cpp(630): warning C4244: 'argument': conversion from 'double' to 'float', possible loss of data
c:\users\bartek\documents\visual studio 2015\projects\shapecontext1\main.cpp(661): warning C4244: 'argument': conversion from 'double' to 'float', possible loss of data
c:\users\bartek\documents\visual studio 2015\projects\shapecontext1\main.cpp(699): warning C4244: 'argument': conversion from 'double' to 'float', possible loss of data
c:\users\bartek\documents\visual studio 2015\projects\shapecontext1\main.cpp(700): warning C4244: 'argument': conversion from 'double' to 'float', possible loss of data
c:\users\bartek\documents\visual studio 2015\projects\shapecontext1\main.cpp(701): warning C4244: 'argument': conversion from 'double' to 'float', possible loss of data
c:\users\bartek\documents\visual studio 2015\projects\shapecontext1\main.cpp(702): warning C4244: 'argument': conversion from 'double' to 'float', possible loss of data
c:\users\bartek\documents\visual studio 2015\projects\shapecontext1\main.cpp(703): warning C4244: 'argument': conversion from 'double' to 'float', possible loss of data
c:\users\bartek\documents\visual studio 2015\projects\shapecontext1\main.cpp(706): warning C4244: 'argument': conversion from 'double' to 'float', possible loss of data
c:\users\bartek\documents\visual studio 2015\projects\shapecontext1\main.cpp(707): warning C4244: 'argument': conversion from 'double' to 'float', possible loss of data
c:\users\bartek\documents\visual studio 2015\projects\shapecontext1\main.cpp(708): warning C4244: 'argument': conversion from 'double' to 'float', possible loss of data
c:\users\bartek\documents\visual studio 2015\projects\shapecontext1\main.cpp(709): warning C4244: 'argument': conversion from 'double' to 'float', possible loss of data
c:\users\bartek\documents\visual studio 2015\projects\shapecontext1\main.cpp(712): warning C4244: 'argument': conversion from 'double' to 'float', possible loss of data
c:\users\bartek\documents\visual studio 2015\projects\shapecontext1\main.cpp(713): warning C4244: 'argument': conversion from 'double' to 'float', possible loss of data
c:\users\bartek\documents\visual studio 2015\projects\shapecontext1\main.cpp(740): warning C4267: 'initializing': conversion from 'size_t' to 'int', possible loss of data
c:\users\bartek\documents\visual studio 2015\projects\shapecontext1\main.cpp(1159): warning C4244: 'return': conversion from 'float' to 'int', possible loss of data
c:\users\bartek\documents\visual studio 2015\projects\shapecontext1\main.cpp(1206): warning C4244: 'return': conversion from 'float' to 'int', possible loss of data
c:\users\bartek\documents\visual studio 2015\projects\shapecontext1\main.cpp(1216): warning C4244: 'return': conversion from 'float' to 'int', possible loss of data
c:\users\bartek\documents\visual studio 2015\projects\shapecontext1\main.cpp(1230): warning C4267: '=': conversion from 'size_t' to 'int', possible loss of data
c:\users\bartek\documents\visual studio 2015\projects\shapecontext1\main.cpp(1351): warning C4244: 'initializing': conversion from 'double' to 'int', possible loss of data
c:\users\bartek\documents\visual studio 2015\projects\shapecontext1\main.cpp(1288): warning C4101: 'stopnie': unreferenced local variable
c:\users\bartek\documents\visual studio 2015\projects\shapecontext1\main.cpp(1393): warning C4267: 'initializing': conversion from 'size_t' to 'int', possible loss of data
c:\users\bartek\documents\visual studio 2015\projects\shapecontext1\main.cpp(1802): warning C4244: 'return': conversion from 'float' to 'int', possible loss of data
c:\users\bartek\documents\visual studio 2015\projects\shapecontext1\main.cpp(1855): warning C4244: 'return': conversion from 'float' to 'int', possible loss of data
c:\users\bartek\documents\visual studio 2015\projects\shapecontext1\main.cpp(1864): warning C4244: 'return': conversion from 'float' to 'int', possible loss of data
c:\users\bartek\documents\visual studio 2015\projects\shapecontext1\main.cpp(1903): warning C4267: 'initializing': conversion from 'size_t' to 'int', possible loss of data
c:\users\bartek\documents\visual studio 2015\projects\shapecontext1\main.cpp(2334): warning C4244: 'return': conversion from 'float' to 'int', possible loss of data
c:\users\bartek\documents\visual studio 2015\projects\shapecontext1\main.cpp(2450): warning C4244: 'initializing': conversion from 'float' to 'int', possible loss of data
c:\users\bartek\documents\visual studio 2015\projects\shapecontext1\main.cpp(2480): warning C4244: 'return': conversion from 'float' to 'int', possible loss of data
c:\users\bartek\documents\visual studio 2015\projects\shapecontext1\main.cpp(2585): warning C4244: '=': conversion from 'int' to 'float', possible loss of data
c:\users\bartek\documents\visual studio 2015\projects\shapecontext1\main.cpp(2586): warning C4244: '=': conversion from 'int' to 'float', possible loss of data
c:\users\bartek\documents\visual studio 2015\projects\shapecontext1\main.cpp(2680): warning C4244: '=': conversion from 'int' to 'float', possible loss of data
c:\users\bartek\documents\visual studio 2015\projects\shapecontext1\main.cpp(2681): warning C4244: '=': conversion from 'int' to 'float', possible loss of data
c:\users\bartek\documents\visual studio 2015\projects\shapecontext1\main.cpp(2777): warning C4244: '=': conversion from 'int' to 'float', possible loss of data
c:\users\bartek\documents\visual studio 2015\projects\shapecontext1\main.cpp(2778): warning C4244: '=': conversion from 'int' to 'float', possible loss of data
c:\users\bartek\documents\visual studio 2015\projects\shapecontext1\main.cpp(2874): warning C4244: '=': conversion from 'int' to 'float', possible loss of data
c:\users\bartek\documents\visual studio 2015\projects\shapecontext1\main.cpp(2875): warning C4244: '=': conversion from 'int' to 'float', possible loss of data
c:\users\bartek\documents\visual studio 2015\projects\shapecontext1\main.cpp(2992): warning C4244: '=': conversion from 'int' to 'float', possible loss of data
c:\users\bartek\documents\visual studio 2015\projects\shapecontext1\main.cpp(2993): warning C4244: '=': conversion from 'int' to 'float', possible loss of data
c:\users\bartek\documents\visual studio 2015\projects\shapecontext1\main.cpp(3111): warning C4244: '=': conversion from 'int' to 'float', possible loss of data
c:\users\bartek\documents\visual studio 2015\projects\shapecontext1\main.cpp(3112): warning C4244: '=': conversion from 'int' to 'float', possible loss of data
  shapeContext1.vcxproj -> C:\Users\Bartek\documents\visual studio 2015\Projects\shapeContext1\x64\Debug\shapeContext1.exe
